<?xml version="1.0" encoding="UTF-8"?>
<!-- Generated by org.testng.reporters.JUnitReportReporter -->
<testsuite hostname="DESKTOP-RVDN2F9" name="com.paypal.GooglePageTest" tests="2" failures="0" timestamp="29 Apr 2017 10:56:40 GMT" time="28.326" errors="0">
  <testcase name="testGoogleParamerter" time="10.295" classname="com.paypal.GooglePageTest"/>
  <testcase name="testGoogleParamerter" time="18.031" classname="com.paypal.GooglePageTest"/>
</testsuite> <!-- com.paypal.GooglePageTest -->
